2025-01-09 16:56:56 
2025-01-09 16:56:56 main
2025-01-09 16:56:56 main ( M)
2025-01-09 16:56:56 main ( M)
2025-01-09 16:56:56 main ( M)
2025-01-09 16:56:56 main ( M)
2025-01-09 16:56:56 main ( M)
2025-01-09 16:56:56 main ( M)
2025-01-09 16:56:56 main ( M)
2025-01-09 16:56:56 main ( M)
2025-01-09 16:56:56 main ( M)
2025-01-09 16:56:57 main ( M)
2025-01-09 16:56:57 main ( M)
2025-01-09 16:56:57 main ( M)
2025-01-09 16:56:57 main ( M)
2025-01-09 16:56:57 main ( M)
2025-01-09 16:56:57 main ( M)
2025-01-09 16:56:57 main ( M)
2025-01-09 16:56:57 main ( M)
2025-01-09 16:56:57 main ( M)
2025-01-09 16:56:57 main ( M)
2025-01-09 16:56:57 main ( M)
2025-01-09 16:56:57 main ( M)
2025-01-09 16:56:57 main ( M)
2025-01-09 16:56:57 main ( M)
2025-01-09 16:56:57 main ( M)
2025-01-09 16:56:57 main ( M)
2025-01-09 16:56:57 main ( M)
2025-01-09 16:56:57 main ( M)
2025-01-09 16:56:57 main ( M)
2025-01-09 16:56:57 main ( M)
2025-01-09 16:56:57 main ( M)
2025-01-09 16:56:57 main ( M)
2025-01-09 16:56:57 main ( M)
2025-01-09 16:56:57 main ( M)
2025-01-09 16:56:57 main ( M)
2025-01-09 16:56:57 main ( M)
2025-01-09 16:56:57 main ( M)
2025-01-09 16:56:57 main ( M)
2025-01-09 16:56:57 main ( M)
2025-01-09 16:56:57 main ( M)
2025-01-09 16:56:57 main ( M)
2025-01-09 16:56:57 main ( M)
2025-01-09 16:56:57 main ( M)
2025-01-09 16:56:57 main ( M)
2025-01-09 16:56:57 main ( M)
2025-01-09 16:56:57 main ( M)
2025-01-09 16:56:57 main ( M)
2025-01-09 16:56:57 main ( M)
2025-01-09 16:56:57 main ( M)
2025-01-09 16:56:57 main ( M)
2025-01-09 16:56:57 main ( M)
2025-01-09 16:56:57 main ( M)
2025-01-09 16:56:57 main ( M)
2025-01-09 16:56:57 main ( M)
2025-01-09 16:56:57 main ( M)
2025-01-09 16:56:57 main ( M)
2025-01-09 16:56:57 main ( M)
2025-01-09 16:56:57 main ( M)
2025-01-09 16:56:57 main ( M)
2025-01-09 16:56:57 nil
2025-01-09 16:56:57 nil
2025-01-09 16:56:57 nil
2025-01-09 16:56:57 nil
2025-01-09 16:56:57 nil
2025-01-09 16:56:57 nil
2025-01-09 16:56:57 nil
2025-01-09 16:56:57 nil
2025-01-09 16:56:57 nil
2025-01-09 16:56:58 nil
2025-01-09 16:56:58 nil
2025-01-09 16:56:58 nil
2025-01-09 16:56:58 nil
2025-01-09 16:56:58 nil
2025-01-09 16:56:58 nil
2025-01-09 16:56:58 nil
2025-01-09 16:56:58 nil
2025-01-09 16:56:58 nil
2025-01-09 16:56:58 nil
2025-01-09 16:56:58 nil
2025-01-09 16:56:58 nil
2025-01-09 16:56:58 nil
2025-01-09 16:56:58 nil
2025-01-09 16:56:58 nil
2025-01-09 16:56:58 nil
2025-01-09 16:56:58 nil
2025-01-09 16:56:58 nil
2025-01-09 16:56:58 nil
2025-01-09 16:56:58 nil
2025-01-09 16:56:58 nil
2025-01-09 16:56:58 nil
2025-01-09 16:56:58 nil
2025-01-09 16:56:58 nil
2025-01-09 16:56:58 nil
2025-01-09 16:56:58 nil
2025-01-09 16:56:58 nil
2025-01-09 16:56:58 nil
2025-01-09 16:56:58 nil
2025-01-09 16:56:58 nil
2025-01-09 16:56:58 nil
2025-01-09 16:56:58 nil
2025-01-09 16:56:58 nil
2025-01-09 16:56:58 nil
2025-01-09 16:56:58 nil
2025-01-09 16:56:58 nil
2025-01-09 16:56:58 nil
2025-01-09 16:56:58 nil
2025-01-09 16:56:58 nil
2025-01-09 16:56:58 nil
2025-01-09 16:56:58 nil
2025-01-09 16:56:58 nil
2025-01-09 16:56:58 nil
2025-01-09 16:56:58 nil
2025-01-09 16:56:58 nil
2025-01-09 16:56:58 nil
2025-01-09 16:56:58 nil
2025-01-09 16:56:58 nil
2025-01-09 16:56:58 nil
2025-01-09 16:56:58 nil
2025-01-09 16:56:58 nil
2025-01-09 16:56:58 nil
2025-01-09 16:56:58 nil
2025-01-09 16:56:58 nil
2025-01-09 16:56:58 nil
2025-01-09 16:56:58 nil
2025-01-09 16:56:58 nil
2025-01-09 16:56:58 nil
2025-01-09 16:56:58 nil
2025-01-09 16:56:58 nil
2025-01-09 16:56:58 nil
2025-01-09 16:56:58 nil
2025-01-09 16:56:58 nil
2025-01-09 16:56:58 nil
2025-01-09 16:56:58 nil
2025-01-09 16:56:58 nil
2025-01-09 16:56:58 nil
2025-01-09 16:56:59 nil
2025-01-09 16:56:59 nil
2025-01-09 16:56:59 nil
2025-01-09 16:56:59 nil
2025-01-09 16:56:59 nil
2025-01-09 16:56:59 nil
2025-01-09 16:56:59 nil
2025-01-09 16:56:59 nil
2025-01-09 16:56:59 nil
2025-01-09 16:56:59 nil
2025-01-09 16:56:59 nil
2025-01-09 16:56:59 nil
2025-01-09 16:56:59 nil
2025-01-09 16:56:59 nil
2025-01-09 16:56:59 nil
2025-01-09 16:56:59 nil
2025-01-09 16:56:59 nil
2025-01-09 16:56:59 nil
2025-01-09 16:56:59 nil
2025-01-09 16:56:59 nil
2025-01-09 16:56:59 nil
2025-01-09 16:56:59 nil
2025-01-09 16:56:59 nil
2025-01-09 16:56:59 nil
2025-01-09 16:56:59 nil
2025-01-09 16:56:59 nil
2025-01-09 16:56:59 nil
2025-01-09 16:56:59 nil
2025-01-09 16:56:59 nil
2025-01-09 16:56:59 nil
2025-01-09 16:56:59 nil
2025-01-09 16:56:59 nil
2025-01-09 16:56:59 nil
2025-01-09 16:56:59 nil
2025-01-09 16:56:59 nil
2025-01-09 16:56:59 nil
2025-01-09 16:56:59 nil
2025-01-09 16:56:59 nil
2025-01-09 16:56:59 nil
2025-01-09 16:56:59 nil
2025-01-09 16:56:59 nil
2025-01-09 16:56:59 nil
2025-01-09 16:56:59 nil
2025-01-09 16:56:59 nil
2025-01-09 16:56:59 nil
2025-01-09 16:56:59 nil
2025-01-09 16:56:59 nil
2025-01-09 16:56:59 nil
2025-01-09 16:56:59 nil
2025-01-09 16:56:59 nil
2025-01-09 16:56:59 nil
2025-01-09 16:56:59 nil
2025-01-09 16:56:59 nil
2025-01-09 16:56:59 nil
2025-01-09 16:56:59 nil
2025-01-09 16:56:59 nil
2025-01-09 16:56:59 nil
2025-01-09 16:56:59 nil
2025-01-09 16:56:59 nil
2025-01-09 16:56:59 nil
2025-01-09 16:56:59 nil
2025-01-09 16:56:59 nil
2025-01-09 16:56:59 nil
2025-01-09 16:56:59 nil
2025-01-09 16:56:59 nil
2025-01-09 16:56:59 nil
2025-01-09 16:56:59 nil
2025-01-09 16:56:59 nil
2025-01-09 16:56:59 nil
2025-01-09 16:56:59 nil
2025-01-09 16:56:59 nil
2025-01-09 16:56:59 nil
2025-01-09 16:56:59 nil
2025-01-09 16:56:59 nil
2025-01-09 16:56:59 nil
2025-01-09 16:56:59 nil
2025-01-09 16:56:59 nil
2025-01-09 16:56:59 nil
2025-01-09 16:56:59 nil
2025-01-09 16:56:59 nil
2025-01-09 16:56:59 nil
2025-01-09 16:56:59 nil
2025-01-09 16:56:59 nil
2025-01-09 16:56:59 nil
2025-01-09 16:56:59 nil
2025-01-09 16:56:59 nil
2025-01-09 16:56:59 nil
2025-01-09 16:56:59 nil
2025-01-09 16:56:59 nil
2025-01-09 16:56:59 nil
2025-01-09 16:56:59 nil
2025-01-09 16:56:59 nil
2025-01-09 16:56:59 nil
2025-01-09 16:56:59 nil
2025-01-09 16:57:00 nil
2025-01-09 16:57:00 nil
2025-01-09 16:57:00 nil
2025-01-09 16:57:00 nil
2025-01-09 16:57:00 nil
2025-01-09 16:57:00 nil
2025-01-09 16:57:00 nil
2025-01-09 16:57:00 nil
2025-01-09 16:57:00 nil
2025-01-09 16:57:00 nil
2025-01-09 16:57:00 nil
2025-01-09 16:57:00 nil
2025-01-09 16:57:00 nil
2025-01-09 16:57:00 nil
2025-01-09 16:57:00 nil
2025-01-09 16:57:00 nil
2025-01-09 16:57:00 nil
2025-01-09 16:57:00 nil
2025-01-09 16:57:00 nil
2025-01-09 16:57:00 nil
2025-01-09 16:57:00 nil
2025-01-09 16:57:00 nil
2025-01-09 16:57:00 nil
2025-01-09 16:57:00 nil
2025-01-09 16:57:00 nil
2025-01-09 16:57:00 nil
2025-01-09 16:57:00 nil
2025-01-09 16:57:00 nil
2025-01-09 16:57:00 nil
2025-01-09 16:57:00 nil
2025-01-09 16:57:00 nil
2025-01-09 16:57:00 nil
2025-01-09 16:57:00 nil
2025-01-09 16:57:00 nil
2025-01-09 16:57:00 nil
2025-01-09 16:57:00 nil
2025-01-09 16:57:00 nil
2025-01-09 16:57:00 nil
2025-01-09 16:57:00 nil
2025-01-09 16:57:00 nil
2025-01-09 16:57:00 nil
2025-01-09 16:57:00 nil
2025-01-09 16:57:00 nil
2025-01-09 16:57:00 nil
2025-01-09 16:57:00 nil
2025-01-09 16:57:00 nil
2025-01-09 16:57:00 
2025-01-09 16:57:00 
2025-01-09 16:57:00 main
2025-01-09 16:57:00 main (??)
2025-01-09 16:57:00 main (??)
2025-01-09 16:57:00 main (??)
2025-01-09 16:57:00 main (??)
2025-01-09 16:57:00 main (??)
2025-01-09 16:57:00 main (??)
2025-01-09 16:57:00 main (??)
2025-01-09 16:57:00 main (??)
2025-01-09 16:57:00 main (??)
2025-01-09 16:57:00 main (??)
2025-01-09 16:57:00 main (??)
2025-01-09 16:57:00 main (??)
2025-01-09 16:57:00 main (??)
2025-01-09 16:57:00 main (??)
2025-01-09 16:57:00 main (??)
2025-01-09 16:57:00 main (??)
2025-01-09 16:57:00 main (??)
2025-01-09 16:57:00 main (??)
2025-01-09 16:57:00 main (??)
2025-01-09 16:57:00 main (??)
2025-01-09 16:57:00 main (??)
2025-01-09 16:57:00 main (??)
2025-01-09 16:57:00 main (??)
2025-01-09 16:57:00 main (??)
2025-01-09 16:57:01 main (??)
2025-01-09 16:57:01 main (??)
2025-01-09 16:57:01 main (??)
2025-01-09 16:57:01 main (??)
2025-01-09 16:57:01 main (??)
2025-01-09 16:57:01 main (??)
2025-01-09 16:57:01 main (??)
2025-01-09 16:57:01 main (??)
2025-01-09 16:57:01 main (??)
2025-01-09 16:57:01 main (??)
2025-01-09 16:57:01 main (??)
2025-01-09 16:57:01 main (??)
2025-01-09 16:57:01 main (??)
2025-01-09 16:57:01 main (??)
2025-01-09 16:57:01 main (??)
2025-01-09 16:57:01 main (??)
2025-01-09 16:57:01 main (??)
2025-01-09 16:57:01 main (??)
2025-01-09 16:57:01 main (??)
2025-01-09 16:57:01 main (??)
2025-01-09 16:57:01 main (??)
2025-01-09 16:57:01 main (??)
2025-01-09 16:57:01 main (??)
2025-01-09 16:57:01 main (??)
2025-01-09 16:57:01 main (??)
2025-01-09 16:57:01 main (??)
2025-01-09 16:57:01 main (??)
2025-01-09 16:57:01 main (??)
2025-01-09 16:57:01 main (??)
2025-01-09 16:57:01 main (??)
2025-01-09 16:57:01 main (??)
2025-01-09 16:57:01 main (??)
2025-01-09 16:57:01 main (??)
2025-01-09 16:57:01 main (??)
2025-01-09 16:57:01 main (??)
2025-01-09 16:57:01 main (??)
2025-01-09 16:57:01 main (??)
2025-01-09 16:57:01 main (??)
2025-01-09 16:57:01 main (??)
2025-01-09 16:57:01 main (??)
2025-01-09 16:57:01 main (??)
2025-01-09 16:57:01 main (??)
2025-01-09 16:57:01 main (??)
2025-01-09 16:57:01 main (??)
2025-01-09 16:57:01 main (??)
2025-01-09 16:57:01 main (??)
2025-01-09 16:57:01 main (??)
2025-01-09 16:57:01 main (??)
2025-01-09 16:57:01 main (??)
2025-01-09 16:57:01 main (??)
2025-01-09 16:57:01 main (??)
2025-01-09 16:57:01 main (??)
2025-01-09 16:57:01 main (??)
2025-01-09 16:57:01 main (??)
2025-01-09 16:57:02 main (??)
2025-01-09 16:57:02 main (??)
2025-01-09 16:57:02 main (??)
2025-01-09 16:57:02 main (??)
2025-01-09 16:57:02 main (??)
2025-01-09 16:57:02 main (??)
2025-01-09 16:57:02 main (??)
2025-01-09 16:57:02 main (??)
2025-01-09 16:57:02 main (??)
2025-01-09 16:57:02 main (??)
2025-01-09 16:57:02 main (??)
2025-01-09 16:57:02 main (??)
2025-01-09 16:57:02 main (??)
2025-01-09 16:57:02 main (??)
2025-01-09 16:57:02 main (??)
2025-01-09 16:57:02 main (??)
2025-01-09 16:57:04 main (??)
2025-01-09 16:57:04 main (??)
2025-01-09 16:57:04 main (??)
2025-01-09 16:57:04 main (??)
2025-01-09 16:57:04 main (??)
2025-01-09 16:57:04 main (??)
2025-01-09 16:57:04 main (??)
2025-01-09 16:57:04 main (??)
2025-01-09 16:57:04 main (??)
2025-01-09 16:57:04 main (??)
2025-01-09 16:57:04 main (??)
2025-01-09 16:57:04 main (??)
2025-01-09 16:57:04 main (??)
2025-01-09 16:57:04 main (??)
2025-01-09 16:57:04 main (??)
2025-01-09 16:57:04 main (??)
2025-01-09 16:57:04 main (??)
2025-01-09 16:57:04 main (??)
2025-01-09 16:57:04 main (??)
2025-01-09 16:57:04 main (??)
2025-01-09 16:57:04 main (??)
2025-01-09 16:57:05 main (??)
2025-01-09 16:57:05 main (??)
2025-01-09 16:57:05 main (??)
2025-01-09 16:57:05 main (??)
2025-01-09 16:57:05 main (??)
2025-01-09 16:57:05 main (??)
2025-01-09 16:57:05 main (??)
2025-01-09 16:57:05 main (??)
2025-01-09 16:57:05 main (??)
2025-01-09 16:57:05 main (??)
2025-01-09 16:57:05 main (??)
2025-01-09 16:57:05 main (??)
2025-01-09 16:57:06 main (??)
2025-01-09 16:57:06 main (??)
2025-01-09 16:57:06 main (??)
2025-01-09 16:57:06 main (??)
2025-01-09 16:57:06 main (??)
2025-01-09 16:57:06 main (??)
2025-01-09 16:57:06 main (??)
2025-01-09 16:57:06 main (??)
2025-01-09 16:57:06 main (??)
2025-01-09 16:57:06 main (??)
2025-01-09 16:57:06 main (??)
2025-01-09 16:57:07 main (??)
2025-01-09 16:57:07 main (??)
2025-01-09 16:57:07 main (??)
2025-01-09 16:57:07 main (??)
2025-01-09 16:57:07 main (??)
2025-01-09 16:57:07 main (??)
2025-01-09 16:57:07 main (??)
2025-01-09 16:57:07 main (??)
2025-01-09 16:57:07 main (??)
2025-01-09 16:57:07 main (??)
2025-01-09 16:57:07 main (??)
2025-01-09 16:57:07 main (??)
2025-01-09 16:57:07 main (??)
2025-01-09 16:57:07 main (??)
2025-01-09 16:57:07 main (??)
2025-01-09 16:57:07 main (??)
2025-01-09 16:57:07 main (??)
2025-01-09 16:57:07 main (??)
2025-01-09 16:57:07 main (??)
2025-01-09 16:57:08 main (??)
2025-01-09 16:57:08 main (??)
2025-01-09 16:57:08 main (??)
2025-01-09 16:57:08 main (??)
2025-01-09 16:57:08 main (??)
2025-01-09 16:57:08 main (??)
2025-01-09 16:57:08 main (??)
2025-01-09 16:57:08 main (??)
2025-01-09 16:57:08 main (??)
2025-01-09 16:57:08 main (??)
2025-01-09 16:57:08 main (??)
2025-01-09 16:57:08 main (??)
2025-01-09 16:57:08 main (??)
2025-01-09 16:57:08 main (??)
2025-01-09 16:57:08 main (??)
2025-01-09 16:57:08 main (??)
2025-01-09 16:57:08 main (??)
2025-01-09 16:57:08 main (??)
2025-01-09 16:57:08 main (??)
2025-01-09 16:57:08 main (??)
2025-01-09 16:57:08 main (??)
2025-01-09 16:57:08 main (??)
2025-01-09 16:57:08 main (??)
2025-01-09 16:57:08 main (??)
2025-01-09 16:57:08 main (??)
2025-01-09 16:57:09 main (??)
2025-01-09 16:57:09 main (??)
2025-01-09 16:57:09 main (??)
2025-01-09 16:57:09 main (??)
2025-01-09 16:57:09 main (??)
2025-01-09 16:57:09 main (??)
2025-01-09 16:57:09 main (??)
2025-01-09 16:57:09 main (??)
2025-01-09 16:57:09 main (??)
2025-01-09 16:57:09 main (??)
2025-01-09 16:57:09 main (??)
2025-01-09 16:57:09 main (??)
2025-01-09 16:57:09 main (??)
2025-01-09 16:57:09 main (??)
2025-01-09 16:57:09 main (??)
2025-01-09 16:57:09 main (??)
2025-01-09 16:57:09 main (??)
2025-01-09 16:57:09 main (??)
2025-01-09 16:57:09 main (??)
2025-01-09 16:57:09 main (??)
2025-01-09 16:57:09 main (??)
2025-01-09 16:57:09 main (??)
2025-01-09 16:57:09 main (??)
2025-01-09 16:57:09 main (??)
2025-01-09 16:57:09 main (??)
2025-01-09 16:57:10 main (??)
2025-01-09 16:57:10 main (??)
2025-01-09 16:57:10 main (??)
2025-01-09 16:57:10 main (??)
2025-01-09 16:57:10 main (??)
2025-01-09 16:57:10 main (??)
2025-01-09 16:57:10 main (??)
2025-01-09 16:57:10 main (??)
2025-01-09 16:57:10 main (??)
2025-01-09 16:57:10 main (??)
2025-01-09 16:57:10 main (??)
2025-01-09 16:57:10 main (??)
2025-01-09 16:57:10 main (??)
2025-01-09 16:57:10 main (??)
2025-01-09 16:57:10 main (??)
2025-01-09 16:57:10 main (??)
2025-01-09 16:57:10 main (??)
2025-01-09 16:57:11 main (??)
2025-01-09 16:57:11 main (??)
2025-01-09 16:57:11 main (??)
2025-01-09 16:57:11 main (??)
2025-01-09 16:57:11 main (??)
2025-01-09 16:57:11 main (??)
2025-01-09 16:57:12 main (??)
2025-01-09 16:57:12 main (??)
2025-01-09 16:57:13 main (??)
2025-01-09 16:57:13 main (??)
2025-01-09 16:57:13 main (??)
2025-01-09 16:57:13 main (??)
2025-01-09 16:57:13 main (??)
2025-01-09 16:57:13 main (??)
2025-01-09 16:57:13 main (??)
2025-01-09 16:57:13 main (??)
2025-01-09 16:57:13 main (??)
2025-01-09 16:57:13 main (??)
2025-01-09 16:57:13 main (??)
2025-01-09 16:57:13 main (??)
2025-01-09 16:57:13 main (??)
2025-01-09 16:57:13 main (??)
2025-01-09 16:57:13 main (??)
2025-01-09 16:57:13 main (??)
2025-01-09 16:57:13 main (??)
2025-01-09 16:57:13 main (??)
2025-01-09 16:57:13 main (??)
2025-01-09 16:57:13 main (??)
2025-01-09 16:57:13 main (??)
2025-01-09 16:57:13 main (??)
2025-01-09 16:57:14 main (??)
2025-01-09 16:57:14 main (??)
2025-01-09 16:57:14 main (??)
2025-01-09 16:57:14 main (??)
2025-01-09 16:57:14 main (??)
2025-01-09 16:57:14 main (??)
2025-01-09 16:57:14 main (??)
2025-01-09 16:57:14 main (??)
2025-01-09 16:57:14 main (??)
2025-01-09 16:57:14 main (??)
2025-01-09 16:57:14 main (??)
2025-01-09 16:57:14 main (??)
2025-01-09 16:57:14 main (??)
2025-01-09 16:57:14 main (??)
2025-01-09 16:57:14 main (??)
2025-01-09 16:57:14 main (??)
2025-01-09 16:57:14 main (??)
2025-01-09 16:57:14 main (??)
2025-01-09 16:57:14 main (??)
2025-01-09 16:57:14 main (??)
2025-01-09 16:57:14 main (??)
2025-01-09 16:57:14 main (??)
2025-01-09 16:57:14 main (??)
2025-01-09 16:57:15 main (??)
2025-01-09 16:57:15 main (??)
2025-01-09 16:57:15 main (??)
2025-01-09 16:57:15 main (??)
2025-01-09 16:57:15 main (??)
2025-01-09 16:57:15 main (??)
2025-01-09 16:57:15 main (??)
2025-01-09 16:57:16 main (??)
2025-01-09 16:57:16 main (??)
2025-01-09 16:57:16 main (??)
2025-01-09 16:57:16 main ( M)
2025-01-09 16:57:16 main ( M)
2025-01-09 16:57:17 main ( M)
2025-01-09 16:57:17 main ( M)
2025-01-09 16:57:17 main ( M)
2025-01-09 16:57:17 main ( M)
2025-01-09 16:57:17 main ( M)
2025-01-09 16:57:18 main ( M)
2025-01-09 16:57:18 main ( M)
2025-01-09 16:57:18 main ( M)
2025-01-09 16:57:18 main ( M)
2025-01-09 16:57:18 main ( M)
2025-01-09 16:57:18 main ( M)
2025-01-09 16:57:19 main ( M)
2025-01-09 16:57:19 main ( M)
2025-01-09 16:57:20 main ( M)
2025-01-09 16:57:20 main ( M)
2025-01-09 16:57:20 main ( M)
2025-01-09 16:57:20 main ( M)
2025-01-09 16:57:20 main ( M)
2025-01-09 16:57:20 main ( M)
2025-01-09 16:57:20 main ( M)
2025-01-09 16:57:20 main ( M)
2025-01-09 16:57:20 main ( M)
2025-01-09 16:57:20 main ( M)
2025-01-09 16:57:20 main ( M)
2025-01-09 16:57:20 main ( M)
2025-01-09 16:57:20 main ( M)
2025-01-09 16:57:20 main ( M)
2025-01-09 16:57:20 main ( M)
2025-01-09 16:57:20 main ( M)
2025-01-09 16:57:20 main ( M)
2025-01-09 16:57:20 main ( M)
2025-01-09 16:57:20 main ( M)
2025-01-09 16:57:20 main ( M)
2025-01-09 16:57:20 main ( M)
2025-01-09 16:57:21 main ( M)
2025-01-09 16:57:21 main ( M)
2025-01-09 16:57:21 main ( M)
2025-01-09 16:57:21 main ( M)
2025-01-09 16:57:22 main ( M)
2025-01-09 16:57:23 main ( M)
2025-01-09 16:57:23 main ( M)
2025-01-09 16:57:23 main ( M)
2025-01-09 16:57:23 main ( M)
2025-01-09 16:57:23 main ( M)
2025-01-09 16:57:23 main ( M)
2025-01-09 16:57:23 main ( M)
2025-01-09 16:57:23 main ( M)
2025-01-09 16:57:23 main ( M)
2025-01-09 16:57:23 main ( M)
2025-01-09 16:57:23 main ( M)
2025-01-09 16:57:23 main ( M)
2025-01-09 16:57:23 main ( M)
2025-01-09 16:57:23 main ( M)
2025-01-09 16:57:23 main ( M)
2025-01-09 16:57:23 main ( M)
2025-01-09 16:57:24 main ( M)
2025-01-09 16:57:25 main ( M)
2025-01-09 16:57:25 main ( M)
2025-01-09 16:57:25 main ( M)
2025-01-09 16:57:26 main ( M)
2025-01-09 16:57:27 main ( M)
2025-01-09 16:57:27 main ( M)
2025-01-09 16:57:28 main ( M)
2025-01-09 16:57:29 main ( M)
2025-01-09 16:57:29 main ( M)
2025-01-09 16:57:29 main ( M)
2025-01-09 16:57:29 main ( M)
2025-01-09 16:57:29 main ( M)
2025-01-09 16:57:29 main ( M)
2025-01-09 16:57:29 main ( M)
2025-01-09 16:57:29 main ( M)
2025-01-09 16:57:29 main ( M)
2025-01-09 16:57:29 main ( M)
2025-01-09 16:57:29 main ( M)
2025-01-09 16:57:29 main ( M)
2025-01-09 16:57:29 main ( M)
2025-01-09 16:57:29 main ( M)
2025-01-09 16:57:29 main ( M)
2025-01-09 16:57:29 main ( M)
2025-01-09 16:57:29 main ( M)
2025-01-09 16:57:29 main ( M)
2025-01-09 16:57:29 main ( M)
2025-01-09 16:57:29 main ( M)
2025-01-09 16:57:29 main ( M)
2025-01-09 16:57:30 main ( M)
2025-01-09 16:57:30 main ( M)
2025-01-09 16:57:30 main ( M)
2025-01-09 16:57:30 main ( M)
2025-01-09 16:57:30 main ( M)
2025-01-09 16:57:30 main ( M)
2025-01-09 16:57:30 main ( M)
2025-01-09 16:57:30 main ( M)
2025-01-09 16:57:30 main ( M)
2025-01-09 16:57:30 main ( M)
2025-01-09 16:57:30 main ( M)
2025-01-09 16:57:31 main ( M)
2025-01-09 16:57:31 main ( M)
2025-01-09 16:57:32 main ( M)
2025-01-09 16:57:32 main ( M)
2025-01-09 16:57:32 main ( M)
2025-01-09 16:57:32 main ( M)
2025-01-09 16:57:32 main ( M)
2025-01-09 16:57:33 main ( M)
2025-01-09 16:57:34 main ( M)
2025-01-09 16:57:34 main ( M)
2025-01-09 16:57:34 main ( M)
2025-01-09 16:57:34 main ( M)
2025-01-09 16:57:34 main ( M)
2025-01-09 16:57:35 main ( M)
2025-01-09 16:57:35 main ( M)
2025-01-09 16:57:35 main ( M)
2025-01-09 16:57:35 main ( M)
2025-01-09 16:57:35 main ( M)
2025-01-09 16:57:35 main ( M)
2025-01-09 16:57:36 main ( M)
2025-01-09 16:57:36 main ( M)
2025-01-09 16:57:38 nil
2025-01-09 16:57:38 nil
2025-01-09 16:57:38 nil
2025-01-09 16:57:38 nil
2025-01-09 16:57:38 nil
2025-01-09 16:57:38 nil
2025-01-09 16:57:38 nil
2025-01-09 16:57:38 main ( M)
2025-01-09 16:58:13 main ( M)
2025-01-09 16:58:13 main ( M)
2025-01-09 16:58:13 main ( M)
2025-01-09 16:58:13 main ( M)
2025-01-09 16:58:14 main ( M)
2025-01-09 16:58:14 main ( M)
2025-01-09 16:58:14 main ( M)
2025-01-09 16:58:14 main ( M)
2025-01-09 16:58:14 main ( M)
2025-01-09 16:58:14 main ( M)
2025-01-09 16:58:14 main ( M)
2025-01-09 16:58:14 main ( M)
2025-01-09 16:58:14 main ( M)
2025-01-09 16:58:15 nil
2025-01-09 16:58:15 nil
2025-01-09 16:58:15 nil
2025-01-09 16:58:15 nil
2025-01-09 16:58:15 nil
2025-01-09 16:58:15 nil
2025-01-09 16:58:15 nil
2025-01-09 16:58:15 nil
2025-01-09 16:58:15 nil
2025-01-09 16:58:15 nil
2025-01-09 16:58:15 nil
2025-01-09 16:58:16 nil
2025-01-09 16:58:16 nil
2025-01-09 16:58:16 nil
2025-01-09 16:58:16 nil
2025-01-09 16:58:16 nil
2025-01-09 16:58:16 nil
2025-01-09 16:58:16 nil
2025-01-09 16:58:16 nil
2025-01-09 16:58:16 nil
2025-01-09 16:58:16 nil
2025-01-09 16:58:16 nil
2025-01-09 16:58:16 nil
2025-01-09 16:58:16 nil
2025-01-09 16:58:17 nil
2025-01-09 16:58:17 nil
2025-01-09 16:58:17 main ( M)
2025-01-09 16:58:17 main ( M)
2025-01-09 16:58:17 main ( M)
2025-01-09 16:58:17 main ( M)
2025-01-09 16:58:17 main ( M)
2025-01-09 16:58:17 main ( M)
2025-01-09 16:58:17 main ( M)
2025-01-09 16:58:17 main ( M)
